2024-12-23 14:36:01,005 - INFO - Archivo renombrado: 0000-86763069.pdf -> 06-08-2019__0000-86763069.pdf
2024-12-23 14:58:15,594 - INFO - Intentando abrir el archivo PDF: C:/Users/usuario0/Downloads/2.MAGNIFRESH - copia - copia/pdf\0000-85661366.pdf
2024-12-23 15:02:23,561 - INFO - Intentando abrir el archivo PDF: C:/Users/usuario0/Downloads/2.MAGNIFRESH - copia - copia/pdf\0000-85661366.pdf
2024-12-23 15:03:06,624 - INFO - Cerrando el archivo PDF: C:\Users\usuario0\Downloads\2.MAGNIFRESH - copia - copia\pdf\0000-85661366.pdf
2024-12-23 15:03:06,677 - INFO - Archivo renombrado: 0000-85661366.pdf -> 06-08-2019__0000-85661366.pdf
2024-12-23 15:03:06,678 - INFO - Reabriendo el archivo PDF: C:\Users\usuario0\Downloads\2.MAGNIFRESH - copia - copia\copias de los pdf\06-08-2019__0000-85661366.pdf
2024-12-23 15:03:06,678 - INFO - Intentando abrir el archivo PDF: C:\Users\usuario0\Downloads\2.MAGNIFRESH - copia - copia\copias de los pdf\06-08-2019__0000-85661366.pdf
2024-12-23 15:04:59,367 - INFO - Intentando abrir el archivo PDF: C:/Users/usuario0/Downloads/2.MAGNIFRESH - copia - copia/pdf\0003-00107122.pdf
2024-12-23 15:04:59,676 - INFO - Intentando abrir el archivo PDF: C:/Users/usuario0/Downloads/2.MAGNIFRESH - copia - copia/pdf\0003-00208475.pdf
2024-12-23 15:04:59,969 - INFO - Intentando abrir el archivo PDF: C:/Users/usuario0/Downloads/2.MAGNIFRESH - copia - copia/pdf\0003-00107122.pdf
2024-12-23 15:05:00,134 - INFO - Intentando abrir el archivo PDF: C:/Users/usuario0/Downloads/2.MAGNIFRESH - copia - copia/pdf\0003-00208475.pdf
2024-12-23 15:05:00,349 - INFO - Intentando abrir el archivo PDF: C:/Users/usuario0/Downloads/2.MAGNIFRESH - copia - copia/pdf\0003-00107122.pdf
2024-12-23 15:05:00,628 - INFO - Intentando abrir el archivo PDF: C:/Users/usuario0/Downloads/2.MAGNIFRESH - copia - copia/pdf\0003-00208475.pdf
2024-12-23 15:05:01,008 - INFO - Intentando abrir el archivo PDF: C:/Users/usuario0/Downloads/2.MAGNIFRESH - copia - copia/pdf\0003-00107122.pdf
2024-12-23 15:05:01,215 - INFO - Intentando abrir el archivo PDF: C:/Users/usuario0/Downloads/2.MAGNIFRESH - copia - copia/pdf\0003-00208475.pdf
2024-12-23 15:05:01,672 - INFO - Intentando abrir el archivo PDF: C:/Users/usuario0/Downloads/2.MAGNIFRESH - copia - copia/pdf\0003-00107122.pdf
2024-12-23 15:05:01,982 - INFO - Intentando abrir el archivo PDF: C:/Users/usuario0/Downloads/2.MAGNIFRESH - copia - copia/pdf\0003-00208475.pdf
2024-12-23 15:05:02,365 - INFO - Intentando abrir el archivo PDF: C:/Users/usuario0/Downloads/2.MAGNIFRESH - copia - copia/pdf\0003-00107122.pdf
2024-12-23 15:05:02,574 - INFO - Intentando abrir el archivo PDF: C:/Users/usuario0/Downloads/2.MAGNIFRESH - copia - copia/pdf\0003-00208475.pdf
2024-12-23 15:05:02,801 - INFO - Intentando abrir el archivo PDF: C:/Users/usuario0/Downloads/2.MAGNIFRESH - copia - copia/pdf\0003-00107122.pdf
2024-12-23 15:05:02,995 - INFO - Intentando abrir el archivo PDF: C:/Users/usuario0/Downloads/2.MAGNIFRESH - copia - copia/pdf\0003-00208475.pdf
2024-12-23 15:05:03,184 - INFO - Intentando abrir el archivo PDF: C:/Users/usuario0/Downloads/2.MAGNIFRESH - copia - copia/pdf\0003-00107122.pdf
2024-12-23 15:05:04,526 - INFO - Intentando abrir el archivo PDF: C:/Users/usuario0/Downloads/2.MAGNIFRESH - copia - copia/pdf\0003-00208475.pdf
2024-12-23 15:05:06,489 - INFO - Intentando abrir el archivo PDF: C:/Users/usuario0/Downloads/2.MAGNIFRESH - copia - copia/pdf\0003-00219937.pdf
2024-12-23 15:05:08,489 - INFO - Intentando abrir el archivo PDF: C:/Users/usuario0/Downloads/2.MAGNIFRESH - copia - copia/pdf\0003-00223379.pdf
2024-12-23 15:05:12,024 - INFO - Intentando abrir el archivo PDF: C:/Users/usuario0/Downloads/2.MAGNIFRESH - copia - copia/pdf\0003-00235666.pdf
2024-12-23 15:05:17,168 - INFO - Intentando abrir el archivo PDF: C:/Users/usuario0/Downloads/2.MAGNIFRESH - copia - copia/pdf\0003-00239982.pdf
2024-12-23 15:05:30,090 - INFO - Intentando abrir el archivo PDF: C:/Users/usuario0/Downloads/2.MAGNIFRESH - copia - copia/pdf\0003-00245733.pdf
2024-12-23 15:05:33,575 - INFO - Intentando abrir el archivo PDF: C:/Users/usuario0/Downloads/2.MAGNIFRESH - copia - copia/pdf\0003-00259188.pdf
2024-12-23 15:05:34,704 - INFO - Intentando abrir el archivo PDF: C:/Users/usuario0/Downloads/2.MAGNIFRESH - copia - copia/pdf\0003-00245733.pdf
2024-12-23 15:05:35,622 - INFO - Intentando abrir el archivo PDF: C:/Users/usuario0/Downloads/2.MAGNIFRESH - copia - copia/pdf\0003-00259188.pdf
2024-12-23 15:05:35,981 - INFO - Intentando abrir el archivo PDF: C:/Users/usuario0/Downloads/2.MAGNIFRESH - copia - copia/pdf\01 0002-00000177 30712543465 (1).pdf
2024-12-23 15:05:36,363 - INFO - Intentando abrir el archivo PDF: C:/Users/usuario0/Downloads/2.MAGNIFRESH - copia - copia/pdf\01-08-2024 FA0005-00022300MORO.PDF
2024-12-23 15:05:37,098 - INFO - Intentando abrir el archivo PDF: C:/Users/usuario0/Downloads/2.MAGNIFRESH - copia - copia/pdf\01-12-2021-CENCOSUD-SNC 856493.pdf
2024-12-23 15:05:37,760 - INFO - Intentando abrir el archivo PDF: C:/Users/usuario0/Downloads/2.MAGNIFRESH - copia - copia/pdf\0104-00002682.pdf
2024-12-23 15:05:38,425 - INFO - Intentando abrir el archivo PDF: C:/Users/usuario0/Downloads/2.MAGNIFRESH - copia - copia/pdf\0104-00026497.pdf
2024-12-23 15:05:39,056 - INFO - Intentando abrir el archivo PDF: C:/Users/usuario0/Downloads/2.MAGNIFRESH - copia - copia/pdf\0104-00034645.pdf
2024-12-23 15:05:39,650 - INFO - Intentando abrir el archivo PDF: C:/Users/usuario0/Downloads/2.MAGNIFRESH - copia - copia/pdf\0104-00026497.pdf
2024-12-23 15:05:40,012 - INFO - Intentando abrir el archivo PDF: C:/Users/usuario0/Downloads/2.MAGNIFRESH - copia - copia/pdf\0104-00002682.pdf
2024-12-23 15:05:40,288 - INFO - Intentando abrir el archivo PDF: C:/Users/usuario0/Downloads/2.MAGNIFRESH - copia - copia/pdf\01-12-2021-CENCOSUD-SNC 856493.pdf
2024-12-23 15:05:40,666 - INFO - Intentando abrir el archivo PDF: C:/Users/usuario0/Downloads/2.MAGNIFRESH - copia - copia/pdf\01-08-2024 FA0005-00022300MORO.PDF
2024-12-23 15:05:40,907 - INFO - Intentando abrir el archivo PDF: C:/Users/usuario0/Downloads/2.MAGNIFRESH - copia - copia/pdf\01 0002-00000177 30712543465 (1).pdf
2024-12-23 15:05:41,296 - INFO - Intentando abrir el archivo PDF: C:/Users/usuario0/Downloads/2.MAGNIFRESH - copia - copia/pdf\0003-00259188.pdf
2024-12-23 15:05:41,577 - INFO - Intentando abrir el archivo PDF: C:/Users/usuario0/Downloads/2.MAGNIFRESH - copia - copia/pdf\0003-00245733.pdf
2024-12-23 15:05:41,792 - INFO - Intentando abrir el archivo PDF: C:/Users/usuario0/Downloads/2.MAGNIFRESH - copia - copia/pdf\0003-00239982.pdf
2024-12-23 15:05:42,147 - INFO - Intentando abrir el archivo PDF: C:/Users/usuario0/Downloads/2.MAGNIFRESH - copia - copia/pdf\0003-00235666.pdf
2024-12-23 15:05:42,474 - INFO - Intentando abrir el archivo PDF: C:/Users/usuario0/Downloads/2.MAGNIFRESH - copia - copia/pdf\0003-00223379.pdf
2024-12-23 15:05:42,866 - INFO - Intentando abrir el archivo PDF: C:/Users/usuario0/Downloads/2.MAGNIFRESH - copia - copia/pdf\0003-00219937.pdf
2024-12-23 15:05:43,173 - INFO - Intentando abrir el archivo PDF: C:/Users/usuario0/Downloads/2.MAGNIFRESH - copia - copia/pdf\0003-00208475.pdf
2024-12-23 15:05:43,567 - INFO - Intentando abrir el archivo PDF: C:/Users/usuario0/Downloads/2.MAGNIFRESH - copia - copia/pdf\0003-00107122.pdf
2024-12-23 15:05:46,842 - INFO - Intentando abrir el archivo PDF: C:/Users/usuario0/Downloads/2.MAGNIFRESH - copia - copia/pdf\0003-00208475.pdf
2024-12-23 15:05:47,181 - INFO - Intentando abrir el archivo PDF: C:/Users/usuario0/Downloads/2.MAGNIFRESH - copia - copia/pdf\0003-00219937.pdf
2024-12-23 15:05:47,359 - INFO - Intentando abrir el archivo PDF: C:/Users/usuario0/Downloads/2.MAGNIFRESH - copia - copia/pdf\0003-00223379.pdf
2024-12-23 15:05:47,553 - INFO - Intentando abrir el archivo PDF: C:/Users/usuario0/Downloads/2.MAGNIFRESH - copia - copia/pdf\0003-00235666.pdf
2024-12-23 15:05:48,035 - INFO - Intentando abrir el archivo PDF: C:/Users/usuario0/Downloads/2.MAGNIFRESH - copia - copia/pdf\0003-00239982.pdf
2024-12-23 15:05:48,424 - INFO - Intentando abrir el archivo PDF: C:/Users/usuario0/Downloads/2.MAGNIFRESH - copia - copia/pdf\0003-00245733.pdf
2024-12-23 15:05:48,885 - INFO - Intentando abrir el archivo PDF: C:/Users/usuario0/Downloads/2.MAGNIFRESH - copia - copia/pdf\0003-00259188.pdf
2024-12-23 15:05:49,146 - INFO - Intentando abrir el archivo PDF: C:/Users/usuario0/Downloads/2.MAGNIFRESH - copia - copia/pdf\01 0002-00000177 30712543465 (1).pdf
2024-12-23 15:05:49,534 - INFO - Intentando abrir el archivo PDF: C:/Users/usuario0/Downloads/2.MAGNIFRESH - copia - copia/pdf\01-08-2024 FA0005-00022300MORO.PDF
2024-12-23 15:05:49,710 - INFO - Intentando abrir el archivo PDF: C:/Users/usuario0/Downloads/2.MAGNIFRESH - copia - copia/pdf\01-12-2021-CENCOSUD-SNC 856493.pdf
2024-12-23 15:05:50,049 - INFO - Intentando abrir el archivo PDF: C:/Users/usuario0/Downloads/2.MAGNIFRESH - copia - copia/pdf\0104-00002682.pdf
2024-12-23 15:05:50,291 - INFO - Intentando abrir el archivo PDF: C:/Users/usuario0/Downloads/2.MAGNIFRESH - copia - copia/pdf\0104-00026497.pdf
2024-12-23 15:05:50,793 - INFO - Intentando abrir el archivo PDF: C:/Users/usuario0/Downloads/2.MAGNIFRESH - copia - copia/pdf\0104-00034645.pdf
2024-12-23 15:05:50,997 - INFO - Intentando abrir el archivo PDF: C:/Users/usuario0/Downloads/2.MAGNIFRESH - copia - copia/pdf\0104-00042891.pdf
2024-12-23 15:05:51,284 - INFO - Intentando abrir el archivo PDF: C:/Users/usuario0/Downloads/2.MAGNIFRESH - copia - copia/pdf\0104-00052357.pdf
2024-12-23 15:05:54,227 - INFO - Intentando abrir el archivo PDF: C:/Users/usuario0/Downloads/2.MAGNIFRESH - copia - copia/pdf\0104-00060735.pdf
2024-12-23 15:05:55,344 - INFO - Intentando abrir el archivo PDF: C:/Users/usuario0/Downloads/2.MAGNIFRESH - copia - copia/pdf\0104-00068454.pdf
2024-12-23 15:05:56,056 - INFO - Intentando abrir el archivo PDF: C:/Users/usuario0/Downloads/2.MAGNIFRESH - copia - copia/pdf\0104-00080472.pdf
2024-12-23 15:31:21,600 - INFO - Intentando abrir el archivo PDF: C:/Users/usuario0/Downloads/2.MAGNIFRESH - copia - copia/por fecha/SIN_FECHA\01 0002-00000177 30712543465 (1).pdf
2024-12-23 15:31:58,928 - INFO - Cerrando el archivo PDF: C:\Users\usuario0\Downloads\2.MAGNIFRESH - copia - copia\por fecha\SIN_FECHA\01 0002-00000177 30712543465 (1).pdf
2024-12-23 15:31:58,933 - INFO - Archivo renombrado: 01 0002-00000177 30712543465 (1).pdf -> 30-03-2022__01 0002-00000177 30712543465 (1).pdf
2024-12-23 15:31:58,933 - INFO - Reabriendo el archivo PDF: C:\Users\usuario0\Downloads\2.MAGNIFRESH - copia - copia\copias de los pdf\30-03-2022__01 0002-00000177 30712543465 (1).pdf
2024-12-23 15:31:58,933 - INFO - Intentando abrir el archivo PDF: C:\Users\usuario0\Downloads\2.MAGNIFRESH - copia - copia\copias de los pdf\30-03-2022__01 0002-00000177 30712543465 (1).pdf
2024-12-23 15:32:03,231 - INFO - Intentando abrir el archivo PDF: C:/Users/usuario0/Downloads/2.MAGNIFRESH - copia - copia/por fecha/SIN_FECHA\01-08-2024 FA0005-00022300MORO.PDF
2024-12-23 15:32:21,147 - INFO - Cerrando el archivo PDF: C:\Users\usuario0\Downloads\2.MAGNIFRESH - copia - copia\por fecha\SIN_FECHA\01-08-2024 FA0005-00022300MORO.PDF
2024-12-23 15:32:21,149 - INFO - Archivo renombrado: 01-08-2024 FA0005-00022300MORO.PDF -> 01-08-2024__01-08-2024 FA0005-00022300MORO.pdf
2024-12-23 15:32:21,149 - INFO - Reabriendo el archivo PDF: C:\Users\usuario0\Downloads\2.MAGNIFRESH - copia - copia\copias de los pdf\01-08-2024__01-08-2024 FA0005-00022300MORO.pdf
2024-12-23 15:32:21,149 - INFO - Intentando abrir el archivo PDF: C:\Users\usuario0\Downloads\2.MAGNIFRESH - copia - copia\copias de los pdf\01-08-2024__01-08-2024 FA0005-00022300MORO.pdf
2024-12-23 15:43:23,036 - INFO - Intentando abrir el archivo PDF: C:/Users/usuario0/Downloads/2.MAGNIFRESH - copia - copia/copias de los pdf\01-08-2024__01-08-2024 FA0005-00022300MORO.pdf
2024-12-23 15:43:31,943 - INFO - Intentando abrir el archivo PDF: C:/Users/usuario0/Downloads/2.MAGNIFRESH - copia - copia/por fecha/SIN_FECHA\01-12-2021-CENCOSUD-SNC 856493.pdf
2024-12-23 15:45:48,599 - INFO - Abriendo PDF: C:/Users/usuario0/Downloads/2.MAGNIFRESH - copia - copia/por fecha/SIN_FECHA\01-12-2021-CENCOSUD-SNC 856493.pdf
2024-12-23 15:46:09,100 - INFO - Abriendo PDF: C:/Users/usuario0/Downloads/2.MAGNIFRESH - copia - copia/por fecha/SIN_FECHA\02-08-2024 0017-00022730 PRUDEN.pdf
2024-12-23 15:46:14,987 - INFO - Abriendo PDF: C:/Users/usuario0/Downloads/2.MAGNIFRESH - copia - copia/por fecha/SIN_FECHA\02-09-2024 FA0005-22502MORO.PDF
2024-12-23 15:46:16,718 - INFO - Abriendo PDF: C:/Users/usuario0/Downloads/2.MAGNIFRESH - copia - copia/por fecha/SIN_FECHA\02-9-24CRÉDITO Y CAUCIÓN S.A. COMPAÑÍA DE SEGUROS.PDF
2024-12-23 15:46:22,637 - INFO - Abriendo PDF: C:/Users/usuario0/Downloads/2.MAGNIFRESH - copia - copia/por fecha/SIN_FECHA\025003094644.PDF
2024-12-23 15:46:56,709 - INFO - Cerrando PDF: C:\Users\usuario0\Downloads\2.MAGNIFRESH - copia - copia\por fecha\SIN_FECHA\025003094644.PDF
2024-12-23 15:46:56,713 - INFO - Renombrado: 025003094644.PDF -> 09-08-2019025003094644.PDF
2024-12-23 15:46:56,713 - INFO - Reabriendo el archivo PDF: C:\Users\usuario0\Downloads\2.MAGNIFRESH - copia - copia\copias de los pdf\09-08-2019025003094644.PDF
2024-12-23 15:46:56,713 - INFO - Abriendo PDF: C:\Users\usuario0\Downloads\2.MAGNIFRESH - copia - copia\copias de los pdf\09-08-2019025003094644.PDF
2024-12-23 15:47:17,443 - INFO - Cerrando PDF: C:\Users\usuario0\Downloads\2.MAGNIFRESH - copia - copia\por fecha\SIN_FECHA\09-08-2019025003094644.PDF
2024-12-23 15:47:17,443 - ERROR - Error al renombrar archivo: [WinError 2] El sistema no puede encontrar el archivo especificado: 'C:\\Users\\usuario0\\Downloads\\2.MAGNIFRESH - copia - copia\\por fecha\\SIN_FECHA\\09-08-2019025003094644.PDF' -> 'C:\\Users\\usuario0\\Downloads\\2.MAGNIFRESH - copia - copia\\copias de los pdf\\09-08-2019_025003094644.PDF'
2024-12-23 15:47:22,104 - INFO - Abriendo PDF: C:/Users/usuario0/Downloads/2.MAGNIFRESH - copia - copia/por fecha/SIN_FECHA\025003099370.PDF
2024-12-23 15:47:44,615 - INFO - Cerrando PDF: C:\Users\usuario0\Downloads\2.MAGNIFRESH - copia - copia\por fecha\SIN_FECHA\025003099370.PDF
2024-12-23 15:47:44,619 - INFO - Renombrado: 025003099370.PDF -> 15-08-2019_025003099370.PDF
2024-12-23 15:47:44,619 - INFO - Reabriendo el archivo PDF: C:\Users\usuario0\Downloads\2.MAGNIFRESH - copia - copia\copias de los pdf\15-08-2019_025003099370.PDF
2024-12-23 15:47:44,619 - INFO - Abriendo PDF: C:\Users\usuario0\Downloads\2.MAGNIFRESH - copia - copia\copias de los pdf\15-08-2019_025003099370.PDF
2024-12-23 15:47:54,638 - INFO - Abriendo PDF: C:/Users/usuario0/Downloads/2.MAGNIFRESH - copia - copia/por fecha/SIN_FECHA\025003108754.PDF
2024-12-23 15:48:15,177 - INFO - Cerrando PDF: C:\Users\usuario0\Downloads\2.MAGNIFRESH - copia - copia\por fecha\SIN_FECHA\025003108754.PDF
2024-12-23 15:48:15,182 - INFO - Renombrado: 025003108754.PDF -> 25-08-2019_025003108754.PDF
2024-12-23 15:48:15,182 - INFO - Reabriendo el archivo PDF: C:\Users\usuario0\Downloads\2.MAGNIFRESH - copia - copia\copias de los pdf\25-08-2019_025003108754.PDF
2024-12-23 15:48:15,182 - INFO - Abriendo PDF: C:\Users\usuario0\Downloads\2.MAGNIFRESH - copia - copia\copias de los pdf\25-08-2019_025003108754.PDF
2024-12-23 15:48:19,924 - INFO - Abriendo PDF: C:/Users/usuario0/Downloads/2.MAGNIFRESH - copia - copia/por fecha/SIN_FECHA\025003124896.PDF
2024-12-23 15:48:21,149 - INFO - Abriendo PDF: C:/Users/usuario0/Downloads/2.MAGNIFRESH - copia - copia/por fecha/SIN_FECHA\25-08-2019_025003108754.PDF
2024-12-23 15:48:21,149 - ERROR - Error al abrir PDF: no such file: 'C:/Users/usuario0/Downloads/2.MAGNIFRESH - copia - copia/por fecha/SIN_FECHA\25-08-2019_025003108754.PDF'
2024-12-23 15:50:45,271 - INFO - Abriendo PDF: C:/Users/usuario0/Downloads/2.MAGNIFRESH - copia - copia/por fecha/SIN_FECHA\01-12-2021-CENCOSUD-SNC 856493.pdf
2024-12-23 15:51:02,921 - INFO - Abriendo PDF: C:/Users/usuario0/Downloads/2.MAGNIFRESH - copia - copia/por fecha/SIN_FECHA\02-08-2024 0017-00022730 PRUDEN.pdf
2024-12-23 15:51:03,720 - INFO - Abriendo PDF: C:/Users/usuario0/Downloads/2.MAGNIFRESH - copia - copia/por fecha/SIN_FECHA\02-09-2024 FA0005-22502MORO.PDF
2024-12-23 15:51:04,233 - INFO - Abriendo PDF: C:/Users/usuario0/Downloads/2.MAGNIFRESH - copia - copia/por fecha/SIN_FECHA\02-9-24CRÉDITO Y CAUCIÓN S.A. COMPAÑÍA DE SEGUROS.PDF
2024-12-23 15:51:04,639 - INFO - Abriendo PDF: C:/Users/usuario0/Downloads/2.MAGNIFRESH - copia - copia/por fecha/SIN_FECHA\025003124896.PDF
2024-12-23 15:56:16,581 - INFO - Cargado PDF: C:/Users/usuario0/Downloads/2.MAGNIFRESH - copia - copia/por fecha/SIN_FECHA\01-12-2021-CENCOSUD-SNC 856493.pdf
2024-12-23 15:56:45,623 - INFO - Cargado PDF: C:/Users/usuario0/Downloads/2.MAGNIFRESH - copia - copia/por fecha/SIN_FECHA\02-08-2024 0017-00022730 PRUDEN.pdf
2024-12-23 15:56:46,243 - INFO - Cargado PDF: C:/Users/usuario0/Downloads/2.MAGNIFRESH - copia - copia/por fecha/SIN_FECHA\02-09-2024 FA0005-22502MORO.PDF
2024-12-23 15:56:46,611 - INFO - Cargado PDF: C:/Users/usuario0/Downloads/2.MAGNIFRESH - copia - copia/por fecha/SIN_FECHA\02-9-24CRÉDITO Y CAUCIÓN S.A. COMPAÑÍA DE SEGUROS.PDF
2024-12-23 15:56:47,046 - INFO - Cargado PDF: C:/Users/usuario0/Downloads/2.MAGNIFRESH - copia - copia/por fecha/SIN_FECHA\025003124896.PDF
2024-12-23 16:02:04,649 - INFO - Miniaturas cargadas
2024-12-23 16:09:57,043 - INFO - Miniaturas de la página actual cargadas.
2024-12-23 16:10:10,456 - INFO - Miniaturas de la página actual cargadas.
2024-12-23 16:10:55,230 - INFO - Renombrado: C:/Users/usuario0/Downloads/2.MAGNIFRESH - copia - copia/por fecha/SIN_FECHA\025003124896.PDF -> C:\Users\usuario0\Downloads\2.MAGNIFRESH - copia - copia\copias de los pdf\11-09-2019__025003124896.PDF
2024-12-23 16:11:22,312 - INFO - Miniaturas de la página actual cargadas.
2024-12-23 16:11:56,006 - INFO - Renombrado: C:/Users/usuario0/Downloads/2.MAGNIFRESH - copia - copia/por fecha/SIN_FECHA\07-08-2024 FA0005-00022268MORO.PDF -> C:\Users\usuario0\Downloads\2.MAGNIFRESH - copia - copia\copias de los pdf\28-072024__07-08-2024 FA0005-00022268MORO.PDF
2024-12-23 16:12:05,966 - INFO - Miniaturas de la página actual cargadas.
2024-12-23 16:12:15,523 - INFO - Miniaturas de la página actual cargadas.
2024-12-23 16:12:19,212 - INFO - Miniaturas de la página actual cargadas.
2024-12-23 16:12:23,758 - INFO - Miniaturas de la página actual cargadas.
2024-12-23 16:12:49,732 - INFO - Miniaturas de la página actual cargadas.
2024-12-23 16:17:19,564 - INFO - Miniaturas de la página actual cargadas.
2024-12-23 16:17:22,546 - INFO - Miniaturas de la página actual cargadas.
2024-12-23 16:17:23,157 - INFO - Miniaturas de la página actual cargadas.
2024-12-23 16:17:24,532 - INFO - Miniaturas de la página actual cargadas.
2024-12-23 16:17:25,674 - INFO - Miniaturas de la página actual cargadas.
2024-12-23 16:17:28,108 - INFO - Miniaturas de la página actual cargadas.
2024-12-23 16:17:30,386 - INFO - Miniaturas de la página actual cargadas.
2024-12-23 16:17:31,261 - INFO - Miniaturas de la página actual cargadas.
2024-12-23 16:18:03,575 - INFO - Renombrado: C:/Users/usuario0/Downloads/2.MAGNIFRESH - copia - copia/por fecha/SIN_FECHA\20200707-CENCOSUD-ND232159.pdf -> C:\Users\usuario0\Downloads\2.MAGNIFRESH - copia - copia\copias de los pdf\07-07-2020__20200707-CENCOSUD-ND232159.pdf
2024-12-23 16:18:37,069 - INFO - Renombrado: C:/Users/usuario0/Downloads/2.MAGNIFRESH - copia - copia/por fecha/SIN_FECHA\20200707-CENCOSUD-ND232195.pdf -> C:\Users\usuario0\Downloads\2.MAGNIFRESH - copia - copia\copias de los pdf\07-07-2020__20200707-CENCOSUD-ND232195.pdf
2024-12-23 16:18:40,288 - INFO - Miniaturas de la página actual cargadas.
2024-12-23 16:18:58,270 - INFO - Renombrado: C:/Users/usuario0/Downloads/2.MAGNIFRESH - copia - copia/por fecha/SIN_FECHA\20200717-CENCOSUD-NC15504.pdf -> C:\Users\usuario0\Downloads\2.MAGNIFRESH - copia - copia\copias de los pdf\17-07-2020__20200717-CENCOSUD-NC15504.pdf
2024-12-23 16:19:22,683 - INFO - Renombrado: C:/Users/usuario0/Downloads/2.MAGNIFRESH - copia - copia/por fecha/SIN_FECHA\20200717-CENCOSUD-NC15655.pdf -> C:\Users\usuario0\Downloads\2.MAGNIFRESH - copia - copia\copias de los pdf\17-07-2020__20200717-CENCOSUD-NC15655.pdf
2024-12-23 16:19:37,766 - INFO - Renombrado: C:/Users/usuario0/Downloads/2.MAGNIFRESH - copia - copia/por fecha/SIN_FECHA\20200722-CENCOSUD-NC20970.pdf -> C:\Users\usuario0\Downloads\2.MAGNIFRESH - copia - copia\copias de los pdf\22-07-2020__20200722-CENCOSUD-NC20970.pdf
2024-12-23 16:19:39,682 - INFO - Miniaturas de la página actual cargadas.
2024-12-23 16:19:55,295 - INFO - Renombrado: C:/Users/usuario0/Downloads/2.MAGNIFRESH - copia - copia/por fecha/SIN_FECHA\20200723-CENCOSUD-NC22682.pdf -> C:\Users\usuario0\Downloads\2.MAGNIFRESH - copia - copia\copias de los pdf\23-07-2020__20200723-CENCOSUD-NC22682.pdf
2024-12-23 16:20:11,177 - INFO - Renombrado: C:/Users/usuario0/Downloads/2.MAGNIFRESH - copia - copia/por fecha/SIN_FECHA\20200724-CENCOSUD-FC100188.pdf -> C:\Users\usuario0\Downloads\2.MAGNIFRESH - copia - copia\copias de los pdf\24-07-2020__20200724-CENCOSUD-FC100188.pdf
2024-12-23 16:20:28,390 - INFO - Renombrado: C:/Users/usuario0/Downloads/2.MAGNIFRESH - copia - copia/por fecha/SIN_FECHA\20200724-CENCOSUD-NC24464.pdf -> C:\Users\usuario0\Downloads\2.MAGNIFRESH - copia - copia\copias de los pdf\24-07-2020__20200724-CENCOSUD-NC24464.pdf
2024-12-23 16:20:29,262 - INFO - Miniaturas de la página actual cargadas.
2024-12-23 16:20:48,204 - INFO - Renombrado: C:/Users/usuario0/Downloads/2.MAGNIFRESH - copia - copia/por fecha/SIN_FECHA\20226535765_001_3000_00035337.pdf -> C:\Users\usuario0\Downloads\2.MAGNIFRESH - copia - copia\copias de los pdf\28-10-2021__20226535765_001_3000_00035337.pdf
2024-12-23 16:21:03,625 - INFO - Renombrado: C:/Users/usuario0/Downloads/2.MAGNIFRESH - copia - copia/por fecha/SIN_FECHA\20230828 Silvestre Sergio 5883.pdf -> C:\Users\usuario0\Downloads\2.MAGNIFRESH - copia - copia\copias de los pdf\28-08-2023__20230828 Silvestre Sergio 5883.pdf
2024-12-23 16:21:19,512 - INFO - Renombrado: C:/Users/usuario0/Downloads/2.MAGNIFRESH - copia - copia/por fecha/SIN_FECHA\20230829 Silvestre Sergio 5892.pdf -> C:\Users\usuario0\Downloads\2.MAGNIFRESH - copia - copia\copias de los pdf\29-08-2023__20230829 Silvestre Sergio 5892.pdf
2024-12-23 16:21:20,689 - INFO - Miniaturas de la página actual cargadas.
2024-12-23 16:21:35,833 - INFO - Renombrado: C:/Users/usuario0/Downloads/2.MAGNIFRESH - copia - copia/por fecha/SIN_FECHA\20230830 silvestri Sergio 5898.pdf -> C:\Users\usuario0\Downloads\2.MAGNIFRESH - copia - copia\copias de los pdf\30-08-2023__20230830 silvestri Sergio 5898.pdf
2024-12-23 16:21:51,834 - INFO - Renombrado: C:/Users/usuario0/Downloads/2.MAGNIFRESH - copia - copia/por fecha/SIN_FECHA\20230831 silvestre Sergio 5026.pdf -> C:\Users\usuario0\Downloads\2.MAGNIFRESH - copia - copia\copias de los pdf\31-08-2023__20230831 silvestre Sergio 5026.pdf
2024-12-23 16:24:16,627 - INFO - Renombrado: C:/Users/usuario0/Downloads/2.MAGNIFRESH - copia - copia/por fecha/SIN_FECHA\20230831 silvestri Sergio 5028.pdf -> C:\Users\usuario0\Downloads\2.MAGNIFRESH - copia - copia\copias de los pdf\31-08-2023__20230831 silvestri Sergio 5028.pdf
2024-12-23 16:24:21,692 - INFO - Miniaturas de la página actual cargadas.
2024-12-23 16:24:35,536 - INFO - Renombrado: C:/Users/usuario0/Downloads/2.MAGNIFRESH - copia - copia/por fecha/SIN_FECHA\20230831 silvestri Sergio 5915.pdf -> C:\Users\usuario0\Downloads\2.MAGNIFRESH - copia - copia\copias de los pdf\31-08-2023__20230831 silvestri Sergio 5915.pdf
2024-12-23 16:24:54,855 - INFO - Renombrado: C:/Users/usuario0/Downloads/2.MAGNIFRESH - copia - copia/por fecha/SIN_FECHA\20230901 Zampedri Sonia 783.pdf -> C:\Users\usuario0\Downloads\2.MAGNIFRESH - copia - copia\copias de los pdf\01-09-2023__20230901 Zampedri Sonia 783.pdf
2024-12-23 16:25:06,838 - INFO - Renombrado: C:/Users/usuario0/Downloads/2.MAGNIFRESH - copia - copia/por fecha/SIN_FECHA\20230902 Agropetrolera chajari 1222.pdf -> C:\Users\usuario0\Downloads\2.MAGNIFRESH - copia - copia\copias de los pdf\02-09-2023__20230902 Agropetrolera chajari 1222.pdf
2024-12-23 16:25:07,888 - INFO - Miniaturas de la página actual cargadas.
2024-12-23 16:25:23,653 - INFO - Renombrado: C:/Users/usuario0/Downloads/2.MAGNIFRESH - copia - copia/por fecha/SIN_FECHA\20230902 silvestre Sergio 5928.pdf -> C:\Users\usuario0\Downloads\2.MAGNIFRESH - copia - copia\copias de los pdf\02-09-2023__20230902 silvestre Sergio 5928.pdf
2024-12-23 16:25:39,952 - INFO - Renombrado: C:/Users/usuario0/Downloads/2.MAGNIFRESH - copia - copia/por fecha/SIN_FECHA\20230905 Silvestri Sergio 5039.pdf -> C:\Users\usuario0\Downloads\2.MAGNIFRESH - copia - copia\copias de los pdf\05-09-2023__20230905 Silvestri Sergio 5039.pdf
2024-12-23 16:26:03,985 - INFO - Renombrado: C:/Users/usuario0/Downloads/2.MAGNIFRESH - copia - copia/por fecha/SIN_FECHA\20230906 Silvestri Sergio 5948.pdf -> C:\Users\usuario0\Downloads\2.MAGNIFRESH - copia - copia\copias de los pdf\06-09-2023__20230906 Silvestri Sergio 5948.pdf
2024-12-23 16:26:05,518 - INFO - Miniaturas de la página actual cargadas.
2024-12-23 16:26:21,738 - INFO - Renombrado: C:/Users/usuario0/Downloads/2.MAGNIFRESH - copia - copia/por fecha/SIN_FECHA\20230913 silvestri Sergio 1038.pdf -> C:\Users\usuario0\Downloads\2.MAGNIFRESH - copia - copia\copias de los pdf\13-09-2023__20230913 silvestri Sergio 1038.pdf
2024-12-23 16:26:33,005 - INFO - Renombrado: C:/Users/usuario0/Downloads/2.MAGNIFRESH - copia - copia/por fecha/SIN_FECHA\20230913 silvestri Sergio 5977.pdf -> C:\Users\usuario0\Downloads\2.MAGNIFRESH - copia - copia\copias de los pdf\13-09-2023__20230913 silvestri Sergio 5977.pdf
2024-12-23 16:26:52,168 - INFO - Renombrado: C:/Users/usuario0/Downloads/2.MAGNIFRESH - copia - copia/por fecha/SIN_FECHA\20240602 Lin Daojian 390.pdf -> C:\Users\usuario0\Downloads\2.MAGNIFRESH - copia - copia\copias de los pdf\06-02-2024__20240602 Lin Daojian 390.pdf
2024-12-23 16:26:54,632 - INFO - Miniaturas de la página actual cargadas.
2024-12-23 16:27:20,615 - INFO - Renombrado: C:/Users/usuario0/Downloads/2.MAGNIFRESH - copia - copia/por fecha/SIN_FECHA\202410-06 RAMALLO YESICA 692.pdf -> C:\Users\usuario0\Downloads\2.MAGNIFRESH - copia - copia\copias de los pdf\10-06-2024__202410-06 RAMALLO YESICA 692.pdf
2024-12-23 16:27:38,401 - INFO - Renombrado: C:/Users/usuario0/Downloads/2.MAGNIFRESH - copia - copia/por fecha/SIN_FECHA\20243101 Lin Daojian 386.pdf -> C:\Users\usuario0\Downloads\2.MAGNIFRESH - copia - copia\copias de los pdf\31-01-2024__20243101 Lin Daojian 386.pdf
2024-12-23 16:27:52,366 - INFO - Renombrado: C:/Users/usuario0/Downloads/2.MAGNIFRESH - copia - copia/por fecha/SIN_FECHA\20243101 pan american energy 2274.pdf -> C:\Users\usuario0\Downloads\2.MAGNIFRESH - copia - copia\copias de los pdf\30-01-2024__20243101 pan american energy 2274.pdf
2024-12-23 16:27:53,604 - INFO - Miniaturas de la página actual cargadas.
2024-12-23 16:28:15,174 - INFO - Renombrado: C:/Users/usuario0/Downloads/2.MAGNIFRESH - copia - copia/por fecha/SIN_FECHA\22-08-2024 RYAN LUSSICH JOHN DAVID 7-4063.pdf -> C:\Users\usuario0\Downloads\2.MAGNIFRESH - copia - copia\copias de los pdf\22-08-2024__22-08-2024 RYAN LUSSICH JOHN DAVID 7-4063.pdf
2024-12-23 16:28:30,582 - INFO - Renombrado: C:/Users/usuario0/Downloads/2.MAGNIFRESH - copia - copia/por fecha/SIN_FECHA\23-07-2024 FA0005-00022246MORO.PDF -> C:\Users\usuario0\Downloads\2.MAGNIFRESH - copia - copia\copias de los pdf\23-07-2024__23-07-2024 FA0005-00022246MORO.PDF
2024-12-23 16:29:38,270 - INFO - Renombrado: C:/Users/usuario0/Downloads/2.MAGNIFRESH - copia - copia/por fecha/SIN_FECHA\24-09-2024.S AMX CLARO.pdf -> C:\Users\usuario0\Downloads\2.MAGNIFRESH - copia - copia\copias de los pdf\26-09-2024__24-09-2024.S AMX CLARO.pdf
2024-12-23 16:30:03,414 - INFO - Miniaturas de la página actual cargadas.
2024-12-23 16:30:10,466 - ERROR - No se pudo abrir 22-08-2024 RYAN LUSSICH JOHN DAVID 7-4063.pdf: no such file: 'C:/Users/usuario0/Downloads/2.MAGNIFRESH - copia - copia/por fecha/SIN_FECHA\22-08-2024 RYAN LUSSICH JOHN DAVID 7-4063.pdf'
2024-12-23 16:30:10,466 - ERROR - No se pudo abrir 23-07-2024 FA0005-00022246MORO.PDF: no such file: 'C:/Users/usuario0/Downloads/2.MAGNIFRESH - copia - copia/por fecha/SIN_FECHA\23-07-2024 FA0005-00022246MORO.PDF'
2024-12-23 16:30:10,466 - ERROR - No se pudo abrir 24-09-2024.S AMX CLARO.pdf: no such file: 'C:/Users/usuario0/Downloads/2.MAGNIFRESH - copia - copia/por fecha/SIN_FECHA\24-09-2024.S AMX CLARO.pdf'
2024-12-23 16:30:10,466 - INFO - Miniaturas de la página actual cargadas.
2024-12-23 16:30:12,008 - ERROR - No se pudo abrir 202410-06 RAMALLO YESICA 692.pdf: no such file: 'C:/Users/usuario0/Downloads/2.MAGNIFRESH - copia - copia/por fecha/SIN_FECHA\202410-06 RAMALLO YESICA 692.pdf'
2024-12-23 16:30:12,008 - ERROR - No se pudo abrir 20243101 Lin Daojian 386.pdf: no such file: 'C:/Users/usuario0/Downloads/2.MAGNIFRESH - copia - copia/por fecha/SIN_FECHA\20243101 Lin Daojian 386.pdf'
2024-12-23 16:30:12,008 - ERROR - No se pudo abrir 20243101 pan american energy 2274.pdf: no such file: 'C:/Users/usuario0/Downloads/2.MAGNIFRESH - copia - copia/por fecha/SIN_FECHA\20243101 pan american energy 2274.pdf'
2024-12-23 16:30:12,008 - INFO - Miniaturas de la página actual cargadas.
2024-12-23 16:30:12,607 - ERROR - No se pudo abrir 22-08-2024 RYAN LUSSICH JOHN DAVID 7-4063.pdf: no such file: 'C:/Users/usuario0/Downloads/2.MAGNIFRESH - copia - copia/por fecha/SIN_FECHA\22-08-2024 RYAN LUSSICH JOHN DAVID 7-4063.pdf'
2024-12-23 16:30:12,607 - ERROR - No se pudo abrir 23-07-2024 FA0005-00022246MORO.PDF: no such file: 'C:/Users/usuario0/Downloads/2.MAGNIFRESH - copia - copia/por fecha/SIN_FECHA\23-07-2024 FA0005-00022246MORO.PDF'
2024-12-23 16:30:12,607 - ERROR - No se pudo abrir 24-09-2024.S AMX CLARO.pdf: no such file: 'C:/Users/usuario0/Downloads/2.MAGNIFRESH - copia - copia/por fecha/SIN_FECHA\24-09-2024.S AMX CLARO.pdf'
2024-12-23 16:30:12,607 - INFO - Miniaturas de la página actual cargadas.
2024-12-23 16:30:13,176 - INFO - Miniaturas de la página actual cargadas.
2024-12-23 16:30:22,937 - INFO - Miniaturas de la página actual cargadas.
2024-12-23 16:30:27,384 - INFO - Miniaturas de la página actual cargadas.
2024-12-23 16:30:27,551 - INFO - Miniaturas de la página actual cargadas.
2024-12-23 16:30:27,722 - INFO - Miniaturas de la página actual cargadas.
2024-12-23 16:30:27,875 - INFO - Miniaturas de la página actual cargadas.
2024-12-23 16:30:28,064 - INFO - Miniaturas de la página actual cargadas.
2024-12-23 16:30:28,875 - INFO - Miniaturas de la página actual cargadas.
2024-12-23 16:30:29,064 - INFO - Miniaturas de la página actual cargadas.
2024-12-23 16:30:29,549 - INFO - Miniaturas de la página actual cargadas.
2024-12-23 16:30:29,947 - INFO - Miniaturas de la página actual cargadas.
2024-12-23 16:30:30,566 - INFO - Miniaturas de la página actual cargadas.
2024-12-23 16:30:30,954 - INFO - Miniaturas de la página actual cargadas.
2024-12-23 16:30:31,558 - INFO - Miniaturas de la página actual cargadas.
2024-12-23 16:30:38,799 - INFO - Miniaturas de la página actual cargadas.
2024-12-23 16:32:18,214 - INFO - Renombrado: C:/Users/usuario0/Downloads/2.MAGNIFRESH - copia - copia/por fecha/SIN_FECHA\A-0017-00022560 (C3389)- pruden.pdf -> C:\Users\usuario0\Downloads\2.MAGNIFRESH - copia - copia\copias de los pdf\02-07-2024__A-0017-00022560 (C3389)- pruden.pdf
2024-12-23 16:33:11,694 - INFO - Renombrado: C:/Users/usuario0/Downloads/2.MAGNIFRESH - copia - copia/por fecha/SIN_FECHA\9206-17004627 TELECOM NC.pdf -> C:\Users\usuario0\Downloads\2.MAGNIFRESH - copia - copia\copias de los pdf\28-02-2020__9206-17004627 TELECOM NC.pdf
2024-12-23 16:33:18,661 - INFO - Miniaturas de la página actual cargadas.
2024-12-23 16:33:35,156 - INFO - Renombrado: C:/Users/usuario0/Downloads/2.MAGNIFRESH - copia - copia/por fecha/SIN_FECHA\9204-20561699 TELECOM NC.pdf -> C:\Users\usuario0\Downloads\2.MAGNIFRESH - copia - copia\copias de los pdf\28-04-2020__9204-20561699 TELECOM NC.pdf
2024-12-23 16:43:40,279 - INFO - Miniaturas de la página actual cargadas.
2024-12-23 16:43:49,754 - INFO - Miniaturas de la página actual cargadas.
2024-12-23 16:44:31,422 - INFO - Renombrado: C:/Users/usuario0/Downloads/2.MAGNIFRESH - copia - copia/por fecha/SIN_FECHA\025003130278.PDF -> C:\Users\usuario0\Downloads\2.MAGNIFRESH - copia - copia\por fecha\SIN_FECHA\17-09-2019__025003130278.PDF
2024-12-23 16:45:27,195 - INFO - Miniaturas de la página actual cargadas.
2024-12-23 16:45:35,910 - INFO - Miniaturas de la página actual cargadas.
2024-12-23 16:45:37,927 - INFO - Miniaturas de la página actual cargadas.
2024-12-23 16:45:39,615 - INFO - Miniaturas de la página actual cargadas.
2024-12-23 16:45:42,309 - INFO - Miniaturas de la página actual cargadas.
2024-12-23 16:45:43,201 - INFO - Miniaturas de la página actual cargadas.
2024-12-23 16:46:16,564 - INFO - Renombrado: C:/Users/usuario0/Downloads/2.MAGNIFRESH - copia - copia/por fecha/SIN_FECHA\202-04-01-DELPA-33414.PDF -> C:\Users\usuario0\Downloads\2.MAGNIFRESH - copia - copia\copias de los pdf\01-04-2022__202-04-01-DELPA-33414.PDF
2024-12-23 16:46:22,040 - INFO - Miniaturas de la página actual cargadas.
2024-12-23 16:46:24,921 - INFO - Miniaturas de la página actual cargadas.
2024-12-23 16:47:12,521 - INFO - Miniaturas de la página actual cargadas.
2024-12-23 16:47:58,041 - INFO - Renombrado: C:/Users/usuario0/Downloads/2.MAGNIFRESH - copia - copia/por fecha/SIN_FECHA\9202-20400191 TELECOM NC.pdf -> C:\Users\usuario0\Downloads\2.MAGNIFRESH - copia - copia\copias de los pdf\28-01-2020__9202-20400191 TELECOM NC.pdf
2024-12-23 16:47:59,306 - INFO - Miniaturas de la página actual cargadas.
2024-12-23 16:49:35,605 - INFO - Renombrado: C:/Users/usuario0/Downloads/2.MAGNIFRESH - copia - copia/por fecha/SIN_FECHA\9204-20102413 TELECOM NC.pdf -> C:\Users\usuario0\Downloads\2.MAGNIFRESH - copia - copia\copias de los pdf\28-10-2019__9204-20102413 TELECOM NC.pdf
2024-12-23 16:49:58,726 - INFO - Renombrado: C:/Users/usuario0/Downloads/2.MAGNIFRESH - copia - copia/por fecha/SIN_FECHA\9204-20261192 TELECOM NC.pdf -> C:\Users\usuario0\Downloads\2.MAGNIFRESH - copia - copia\copias de los pdf\26-02-2019__9204-20261192 TELECOM NC.pdf
2024-12-23 16:50:18,298 - INFO - Renombrado: C:/Users/usuario0/Downloads/2.MAGNIFRESH - copia - copia/por fecha/SIN_FECHA\9206-16769499 TELECOM NC.pdf -> C:\Users\usuario0\Downloads\2.MAGNIFRESH - copia - copia\copias de los pdf\28-11-2019__9206-16769499 TELECOM NC.pdf
2024-12-23 16:50:21,753 - INFO - Miniaturas de la página actual cargadas.
2024-12-23 16:50:23,657 - INFO - Miniaturas de la página actual cargadas.
2024-12-23 16:50:24,111 - INFO - Miniaturas de la página actual cargadas.
2024-12-23 16:50:24,982 - INFO - Miniaturas de la página actual cargadas.
2024-12-23 16:50:35,487 - INFO - Miniaturas de la página actual cargadas.
2024-12-23 16:50:37,711 - INFO - Miniaturas de la página actual cargadas.
2024-12-23 16:50:38,487 - INFO - Miniaturas de la página actual cargadas.
2024-12-23 16:50:38,799 - INFO - Miniaturas de la página actual cargadas.
2024-12-23 16:50:39,347 - INFO - Miniaturas de la página actual cargadas.
2024-12-23 16:50:39,745 - INFO - Miniaturas de la página actual cargadas.
2024-12-23 16:50:39,973 - INFO - Miniaturas de la página actual cargadas.
2024-12-23 16:50:40,143 - INFO - Miniaturas de la página actual cargadas.
2024-12-23 16:50:40,280 - INFO - Miniaturas de la página actual cargadas.
2024-12-23 16:50:40,400 - INFO - Miniaturas de la página actual cargadas.
2024-12-23 16:50:40,550 - INFO - Miniaturas de la página actual cargadas.
2024-12-23 16:50:40,718 - INFO - Miniaturas de la página actual cargadas.
2024-12-23 16:50:41,776 - INFO - Miniaturas de la página actual cargadas.
2024-12-23 16:50:41,957 - INFO - Miniaturas de la página actual cargadas.
2024-12-23 16:50:42,159 - INFO - Miniaturas de la página actual cargadas.
2024-12-23 16:50:42,310 - INFO - Miniaturas de la página actual cargadas.
2024-12-23 16:50:42,489 - INFO - Miniaturas de la página actual cargadas.
2024-12-23 16:50:42,809 - INFO - Miniaturas de la página actual cargadas.
2024-12-23 16:50:42,984 - INFO - Miniaturas de la página actual cargadas.
2024-12-23 16:50:43,944 - INFO - Miniaturas de la página actual cargadas.
2024-12-23 16:50:44,268 - INFO - Miniaturas de la página actual cargadas.
2024-12-23 16:50:44,553 - INFO - Miniaturas de la página actual cargadas.
2024-12-23 16:50:44,729 - INFO - Miniaturas de la página actual cargadas.
2024-12-23 16:50:44,909 - INFO - Miniaturas de la página actual cargadas.
2024-12-23 16:50:45,084 - INFO - Miniaturas de la página actual cargadas.
2024-12-23 16:50:45,261 - INFO - Miniaturas de la página actual cargadas.
2024-12-23 16:50:45,426 - INFO - Miniaturas de la página actual cargadas.
2024-12-23 16:50:45,645 - INFO - Miniaturas de la página actual cargadas.
2024-12-23 16:50:45,776 - INFO - Miniaturas de la página actual cargadas.
2024-12-23 16:50:45,962 - INFO - Miniaturas de la página actual cargadas.
2024-12-23 16:50:46,126 - INFO - Miniaturas de la página actual cargadas.
2024-12-23 16:50:46,327 - INFO - Miniaturas de la página actual cargadas.
2024-12-23 16:50:46,542 - INFO - Miniaturas de la página actual cargadas.
2024-12-23 16:50:46,695 - INFO - Miniaturas de la página actual cargadas.
2024-12-23 16:50:46,891 - INFO - Miniaturas de la página actual cargadas.
2024-12-23 16:51:02,010 - INFO - Miniaturas de la página actual cargadas.
2024-12-23 16:51:05,187 - INFO - Miniaturas de la página actual cargadas.
2024-12-23 16:51:05,380 - INFO - Miniaturas de la página actual cargadas.
2024-12-23 16:51:05,589 - INFO - Miniaturas de la página actual cargadas.
2024-12-23 16:51:05,696 - INFO - Miniaturas de la página actual cargadas.
2024-12-23 16:51:05,907 - INFO - Miniaturas de la página actual cargadas.
2024-12-23 16:51:06,395 - INFO - Miniaturas de la página actual cargadas.
2024-12-23 16:51:06,679 - INFO - Miniaturas de la página actual cargadas.
2024-12-23 16:51:06,897 - INFO - Miniaturas de la página actual cargadas.
2024-12-23 16:51:07,171 - INFO - Miniaturas de la página actual cargadas.
2024-12-23 16:51:07,559 - INFO - Miniaturas de la página actual cargadas.
2024-12-23 16:51:07,886 - INFO - Miniaturas de la página actual cargadas.
2024-12-23 16:51:08,023 - INFO - Miniaturas de la página actual cargadas.
2024-12-23 16:51:08,131 - INFO - Miniaturas de la página actual cargadas.
2024-12-23 16:51:08,571 - INFO - Miniaturas de la página actual cargadas.
2024-12-23 16:51:09,113 - INFO - Miniaturas de la página actual cargadas.
2024-12-23 16:51:12,679 - INFO - Miniaturas de la página actual cargadas.
2024-12-23 16:51:14,170 - INFO - Miniaturas de la página actual cargadas.
2024-12-23 16:51:17,052 - INFO - Miniaturas de la página actual cargadas.
2024-12-23 16:51:20,362 - INFO - Miniaturas de la página actual cargadas.
2024-12-23 16:51:22,700 - INFO - Miniaturas de la página actual cargadas.
2024-12-23 16:51:26,250 - INFO - Miniaturas de la página actual cargadas.
2024-12-23 16:51:30,122 - INFO - Miniaturas de la página actual cargadas.
2024-12-23 16:56:15,862 - INFO - Miniaturas de la página actual cargadas.
2024-12-23 16:56:32,304 - INFO - Miniaturas de la página actual cargadas.
2024-12-23 16:56:39,245 - INFO - Miniaturas de la página actual cargadas.
2024-12-23 16:56:41,318 - INFO - Miniaturas de la página actual cargadas.
2024-12-23 16:56:44,923 - INFO - Miniaturas de la página actual cargadas.
2024-12-23 16:56:48,645 - INFO - Miniaturas de la página actual cargadas.
2024-12-23 16:56:52,814 - INFO - Miniaturas de la página actual cargadas.
2024-12-23 16:56:54,580 - INFO - Miniaturas de la página actual cargadas.
2024-12-23 16:56:56,100 - INFO - Miniaturas de la página actual cargadas.
2024-12-23 16:56:58,812 - INFO - Miniaturas de la página actual cargadas.
2024-12-23 16:57:01,220 - INFO - Miniaturas de la página actual cargadas.
2024-12-23 16:57:07,626 - INFO - Miniaturas de la página actual cargadas.
2024-12-23 16:57:29,845 - INFO - Miniaturas de la página actual cargadas.
2024-12-23 16:57:33,276 - INFO - Miniaturas de la página actual cargadas.
2024-12-23 16:57:33,478 - INFO - Miniaturas de la página actual cargadas.
2024-12-23 16:57:33,664 - INFO - Miniaturas de la página actual cargadas.
2024-12-23 16:57:33,829 - INFO - Miniaturas de la página actual cargadas.
2024-12-23 16:57:33,963 - INFO - Miniaturas de la página actual cargadas.
2024-12-23 16:57:34,128 - INFO - Miniaturas de la página actual cargadas.
2024-12-23 16:57:34,236 - INFO - Miniaturas de la página actual cargadas.
2024-12-23 16:57:34,403 - INFO - Miniaturas de la página actual cargadas.
2024-12-23 16:57:34,578 - INFO - Miniaturas de la página actual cargadas.
2024-12-23 16:57:34,795 - INFO - Miniaturas de la página actual cargadas.
2024-12-23 16:57:34,939 - INFO - Miniaturas de la página actual cargadas.
2024-12-23 16:57:35,107 - INFO - Miniaturas de la página actual cargadas.
2024-12-23 16:57:35,192 - INFO - Miniaturas de la página actual cargadas.
2024-12-23 16:57:35,880 - INFO - Miniaturas de la página actual cargadas.
2024-12-23 16:57:36,052 - INFO - Miniaturas de la página actual cargadas.
2024-12-23 16:57:36,299 - INFO - Miniaturas de la página actual cargadas.
2024-12-23 16:57:36,939 - INFO - Miniaturas de la página actual cargadas.
2024-12-23 16:57:38,974 - INFO - Miniaturas de la página actual cargadas.
2024-12-23 16:57:39,797 - INFO - Miniaturas de la página actual cargadas.
2024-12-23 16:57:40,164 - INFO - Miniaturas de la página actual cargadas.
2024-12-23 16:57:41,846 - INFO - Miniaturas de la página actual cargadas.
2024-12-23 16:58:04,876 - INFO - Renombrado: C:/Users/usuario0/Downloads/2.MAGNIFRESH - copia - copia/por fecha/SIN_FECHA\9202-20554401 TELECOM NC.pdf -> C:\Users\usuario0\Downloads\2.MAGNIFRESH - copia - copia\copias de los pdf\28-03-2020__9202-20554401 TELECOM NC.pdf
2024-12-23 16:58:05,049 - INFO - Miniaturas de la página actual cargadas.
2024-12-23 16:58:13,785 - INFO - Miniaturas de la página actual cargadas.
2024-12-23 16:58:42,771 - INFO - Renombrado: C:/Users/usuario0/Downloads/2.MAGNIFRESH - copia - copia/por fecha/SIN_FECHA\CC_E_0114541_00.PDF -> C:\Users\usuario0\Downloads\2.MAGNIFRESH - copia - copia\copias de los pdf\31-07-2020__CC_E_0114541_00.PDF
2024-12-23 16:58:42,899 - INFO - Miniaturas de la página actual cargadas.
2024-12-23 16:58:56,535 - INFO - Renombrado: C:/Users/usuario0/Downloads/2.MAGNIFRESH - copia - copia/por fecha/SIN_FECHA\CC_E_0114542_00.PDF -> C:\Users\usuario0\Downloads\2.MAGNIFRESH - copia - copia\copias de los pdf\31-07-2020__CC_E_0114542_00.PDF
2024-12-23 16:58:56,702 - INFO - Miniaturas de la página actual cargadas.
2024-12-23 16:59:29,357 - INFO - Renombrado: C:/Users/usuario0/Downloads/2.MAGNIFRESH - copia - copia/por fecha/SIN_FECHA\CC_E_0116635_000.PDF -> C:\Users\usuario0\Downloads\2.MAGNIFRESH - copia - copia\copias de los pdf\11-09-2020__CC_E_0116635_000.PDF
2024-12-23 16:59:29,497 - INFO - Miniaturas de la página actual cargadas.
2024-12-23 16:59:45,929 - INFO - Renombrado: C:/Users/usuario0/Downloads/2.MAGNIFRESH - copia - copia/por fecha/SIN_FECHA\CC_E_0119927_000.PDF -> C:\Users\usuario0\Downloads\2.MAGNIFRESH - copia - copia\copias de los pdf\18-11-2020__CC_E_0119927_000.PDF
2024-12-23 16:59:46,024 - INFO - Miniaturas de la página actual cargadas.
2024-12-23 17:00:04,002 - INFO - Renombrado: C:/Users/usuario0/Downloads/2.MAGNIFRESH - copia - copia/por fecha/SIN_FECHA\FAA-0003-00028641.TXT.PDF -> C:\Users\usuario0\Downloads\2.MAGNIFRESH - copia - copia\copias de los pdf\11-06-20__FAA-0003-00028641.TXT.PDF
2024-12-23 17:00:04,106 - INFO - Miniaturas de la página actual cargadas.
2024-12-23 17:00:19,421 - INFO - Renombrado: C:/Users/usuario0/Downloads/2.MAGNIFRESH - copia - copia/por fecha/SIN_FECHA\FAA-0003-00029494.TXT.PDF -> C:\Users\usuario0\Downloads\2.MAGNIFRESH - copia - copia\copias de los pdf\21-10-2020__FAA-0003-00029494.TXT.PDF
2024-12-23 17:00:19,553 - INFO - Miniaturas de la página actual cargadas.
2024-12-23 17:00:38,837 - INFO - Renombrado: C:/Users/usuario0/Downloads/2.MAGNIFRESH - copia - copia/por fecha/SIN_FECHA\FACA001000031718.pdf -> C:\Users\usuario0\Downloads\2.MAGNIFRESH - copia - copia\copias de los pdf\29-07-2019__FACA001000031718.pdf
2024-12-23 17:00:38,952 - INFO - Miniaturas de la página actual cargadas.
2024-12-23 17:59:49,041 - INFO - Miniaturas de la página actual cargadas.
2024-12-23 18:01:31,301 - INFO - Renombrado: C:/Users/usuario0/Downloads/2.MAGNIFRESH - copia - copia/por fecha/SIN_FECHA\01-12-2021-CENCOSUD-SNC 856493.pdf -> C:\Users\usuario0\Downloads\2.MAGNIFRESH - copia - copia\por fecha\SIN_FECHA\01-12-2021__01-12-2021-CENCOSUD-SNC 856493.pdf
2024-12-23 18:01:31,408 - INFO - Miniaturas de la página actual cargadas.
2024-12-23 18:01:47,587 - INFO - Miniaturas de la página actual cargadas.
2024-12-23 18:07:03,385 - INFO - Miniaturas de la página actual cargadas.
2024-12-23 18:07:05,515 - INFO - Miniaturas de la página actual cargadas.
2024-12-23 18:07:06,662 - INFO - Miniaturas de la página actual cargadas.
2024-12-23 18:07:07,605 - INFO - Miniaturas de la página actual cargadas.
2024-12-23 18:07:09,431 - INFO - Miniaturas de la página actual cargadas.
2024-12-23 18:07:59,128 - INFO - Renombrado: C:/Users/usuario0/Downloads/2.MAGNIFRESH - copia - copia/por fecha/SIN_FECHA\20190527 SENASA.pdf -> C:\Users\usuario0\Downloads\2.MAGNIFRESH - copia - copia\copias de los pdf\20-05-2019__20190527 SENASA.pdf
2024-12-23 18:07:59,211 - INFO - Miniaturas de la página actual cargadas.
2024-12-23 18:08:18,578 - INFO - Miniaturas de la página actual cargadas.
2024-12-23 18:08:39,331 - INFO - Miniaturas de la página actual cargadas.
2024-12-23 18:08:54,093 - INFO - Miniaturas de la página actual cargadas.
2024-12-23 18:09:13,003 - INFO - Miniaturas de la página actual cargadas.
2024-12-24 07:09:51,158 - INFO - Miniaturas de la página actual cargadas.
2024-12-24 07:10:43,481 - INFO - Miniaturas de la página actual cargadas.
2024-12-24 07:10:45,753 - INFO - Miniaturas de la página actual cargadas.
2024-12-24 07:10:46,597 - INFO - Miniaturas de la página actual cargadas.
2024-12-24 07:10:47,023 - INFO - Miniaturas de la página actual cargadas.
2024-12-24 07:10:47,468 - INFO - Miniaturas de la página actual cargadas.
2024-12-24 07:10:47,858 - INFO - Miniaturas de la página actual cargadas.
2024-12-24 07:10:48,359 - INFO - Miniaturas de la página actual cargadas.
2024-12-24 07:10:48,781 - INFO - Miniaturas de la página actual cargadas.
